[debug] [2022-01-06T02:42:47.780Z] ----------------------------------------------------------------------
[debug] [2022-01-06T02:42:47.782Z] Command:       /Users/codycastro/.nvm/versions/node/v14.5.0/bin/node /Users/codycastro/.nvm/versions/node/v14.5.0/bin/firebase init
[debug] [2022-01-06T02:42:47.782Z] CLI Version:   10.0.1
[debug] [2022-01-06T02:42:47.782Z] Platform:      darwin
[debug] [2022-01-06T02:42:47.782Z] Node Version:  v14.5.0
[debug] [2022-01-06T02:42:47.783Z] Time:          Wed Jan 05 2022 21:42:47 GMT-0500 (Eastern Standard Time)
[debug] [2022-01-06T02:42:47.783Z] ----------------------------------------------------------------------
[debug] 
[debug] [2022-01-06T02:42:47.791Z] > command requires scopes: ["email","openid","https://www.googleapis.com/auth/cloudplatformprojects.readonly","https://www.googleapis.com/auth/firebase","https://www.googleapis.com/auth/cloud-platform"]
[debug] [2022-01-06T02:42:47.792Z] > authorizing via signed-in user (codyicastro@gmail.com)
[info] 
     ######## #### ########  ######## ########     ###     ######  ########
     ##        ##  ##     ## ##       ##     ##  ##   ##  ##       ##
     ######    ##  ########  ######   ########  #########  ######  ######
     ##        ##  ##    ##  ##       ##     ## ##     ##       ## ##
     ##       #### ##     ## ######## ########  ##     ##  ######  ########

You're about to initialize a Firebase project in this directory:

  /Users/codycastro/Flatiron/code/Personal Projects/airbnb

[debug] [2022-01-06T02:43:21.542Z] TypeError: Cannot read property 'setRawMode' of null
    at ReadStream.setRawMode (tty.js:75:28)
    at Interface._setRawMode (readline.js:298:16)
    at Interface.close (readline.js:421:10)
    at ReadStream.ontermend (readline.js:209:10)
    at ReadStream.emit (events.js:326:22)
    at ReadStream.EventEmitter.emit (domain.js:486:12)
    at endReadableNT (_stream_readable.js:1226:12)
    at processTicksAndRejections (internal/process/task_queues.js:80:21)
[error] 
[error] Error: An unexpected error has occurred.
[debug] [2022-01-06T02:43:21.546Z] Error: write EIO
    at afterWriteDispatched (internal/stream_base_commons.js:156:25)
    at writeGeneric (internal/stream_base_commons.js:147:3)
    at WriteStream.Socket._writeGeneric (net.js:785:11)
    at WriteStream.Socket._write (net.js:797:8)
    at writeOrBuffer (_stream_writable.js:352:12)
    at WriteStream.Writable.write (_stream_writable.js:303:10)
    at Console.log (/Users/codycastro/.nvm/versions/node/v14.5.0/lib/node_modules/firebase-tools/node_modules/winston/lib/winston/transports/console.js:79:23)
    at Console._write (/Users/codycastro/.nvm/versions/node/v14.5.0/lib/node_modules/firebase-tools/node_modules/winston-transport/index.js:103:17)
    at doWrite (/Users/codycastro/.nvm/versions/node/v14.5.0/lib/node_modules/firebase-tools/node_modules/readable-stream/lib/_stream_writable.js:409:139)
    at writeOrBuffer (/Users/codycastro/.nvm/versions/node/v14.5.0/lib/node_modules/firebase-tools/node_modules/readable-stream/lib/_stream_writable.js:398:5)
    at Console.Writable.write (/Users/codycastro/.nvm/versions/node/v14.5.0/lib/node_modules/firebase-tools/node_modules/readable-stream/lib/_stream_writable.js:307:11)
    at DerivedLogger.ondata (/Users/codycastro/.nvm/versions/node/v14.5.0/lib/node_modules/firebase-tools/node_modules/readable-stream/lib/_stream_readable.js:681:20)
    at DerivedLogger.emit (events.js:326:22)
    at DerivedLogger.EventEmitter.emit (domain.js:486:12)
    at addChunk (/Users/codycastro/.nvm/versions/node/v14.5.0/lib/node_modules/firebase-tools/node_modules/readable-stream/lib/_stream_readable.js:298:12)
    at readableAddChunk (/Users/codycastro/.nvm/versions/node/v14.5.0/lib/node_modules/firebase-tools/node_modules/readable-stream/lib/_stream_readable.js:280:11)
[error] 
[error] Error: An unexpected error has occurred.
